2019-09-21 17:35:28,543 [MainThread:20744] [django.utils.autoreload:576] [autoreload:run_with_reloader] [INFO]- Watching for file changes with StatReloader
2019-09-21 17:35:51,167 [Thread-2:112896] [django.server:154] [basehttp:log_message] [INFO]- "GET /web HTTP/1.1" 301 0
2019-09-21 17:35:51,210 [Thread-2:112896] [django.server:154] [basehttp:log_message] [INFO]- "GET /web/ HTTP/1.1" 200 4924
2019-09-21 17:35:51,233 [Thread-1:25544] [django.server:154] [basehttp:log_message] [INFO]- "GET /static/jquery-easyui-1.7.0/themes/icon.css HTTP/1.1" 304 0
2019-09-21 17:35:51,239 [Thread-2:112896] [django.server:154] [basehttp:log_message] [INFO]- "GET /static/jquery-easyui-1.7.0/themes/default/easyui.css HTTP/1.1" 304 0
2019-09-21 17:35:51,255 [Thread-1:25544] [django.server:154] [basehttp:log_message] [INFO]- "GET /static/jquery-easyui-1.7.0/jquery.min.js HTTP/1.1" 200 97163
2019-09-21 17:35:51,266 [Thread-3:60044] [django.server:154] [basehttp:log_message] [INFO]- "GET /static/inputCss.css HTTP/1.1" 304 0
2019-09-21 17:35:51,304 [Thread-4:51168] [django.server:154] [basehttp:log_message] [INFO]- "GET /static/jquery-easyui-1.7.0/jquery.easyui.min.js HTTP/1.1" 200 453979
2019-09-21 17:35:51,391 [Thread-3:60044] [django.server:154] [basehttp:log_message] [INFO]- "GET /static/jquery-easyui-1.7.0/themes/default/images/blank.gif HTTP/1.1" 200 43
2019-09-21 17:35:51,394 [Thread-2:112896] [django.server:154] [basehttp:log_message] [INFO]- "GET /static/jquery-easyui-1.7.0/themes/default/images/layout_arrows.png HTTP/1.1" 200 319
2019-09-21 17:35:51,404 [Thread-1:25544] [django.server:154] [basehttp:log_message] [INFO]- "GET /static/jquery-easyui-1.7.0/themes/default/images/panel_tools.png HTTP/1.1" 200 852
2019-09-21 17:35:51,404 [Thread-4:51168] [django.server:154] [basehttp:log_message] [INFO]- "GET /static/jquery-easyui-1.7.0/themes/default/images/tree_icons.png HTTP/1.1" 200 3115
2019-09-21 17:35:51,418 [Thread-4:51168] [django.server:154] [basehttp:log_message] [INFO]- "GET /static/jquery-easyui-1.7.0/themes/default/images/tabs_icons.png HTTP/1.1" 200 150
2019-09-21 17:35:51,442 [Thread-4:51168] [django.server:154] [basehttp:log_message] [INFO]- "GET /static/jquery-easyui-1.7.0/themes/default/images/accordion_arrows.png HTTP/1.1" 200 184
2019-09-21 17:35:51,540 [Thread-4:51168] [django.request:228] [log:log_response] [WARNING]- Not Found: /favicon.ico
2019-09-21 17:35:51,541 [Thread-4:51168] [django.server:154] [basehttp:log_message] [WARNING]- "GET /favicon.ico HTTP/1.1" 404 2071
2019-09-21 17:40:28,726 [MainThread:20744] [django.utils.autoreload:203] [autoreload:trigger_reload] [INFO]- D:\Tools\Python\qqcweb\web\commonTools\cloudflareFrontValid.py changed, reloading.
2019-09-21 17:40:29,375 [MainThread:18512] [django.utils.autoreload:576] [autoreload:run_with_reloader] [INFO]- Watching for file changes with StatReloader
2019-09-21 17:48:19,892 [MainThread:18512] [django.utils.autoreload:203] [autoreload:trigger_reload] [INFO]- D:\Tools\Python\qqcweb\web\commonTools\cloudflareFrontValid.py changed, reloading.
2019-09-21 17:48:20,525 [MainThread:39264] [django.utils.autoreload:576] [autoreload:run_with_reloader] [INFO]- Watching for file changes with StatReloader
2019-09-21 17:48:55,358 [MainThread:39264] [django.utils.autoreload:203] [autoreload:trigger_reload] [INFO]- D:\Tools\Python\qqcweb\web\commonTools\cloudflareFrontValid.py changed, reloading.
2019-09-21 17:48:55,992 [MainThread:46168] [django.utils.autoreload:576] [autoreload:run_with_reloader] [INFO]- Watching for file changes with StatReloader
2019-09-21 17:49:16,164 [MainThread:46168] [django.utils.autoreload:203] [autoreload:trigger_reload] [INFO]- D:\Tools\Python\qqcweb\web\commonTools\cloudflareFrontValid.py changed, reloading.
2019-09-21 17:49:16,775 [MainThread:104664] [django.utils.autoreload:576] [autoreload:run_with_reloader] [INFO]- Watching for file changes with StatReloader
2019-09-21 17:49:29,587 [MainThread:104664] [django.utils.autoreload:203] [autoreload:trigger_reload] [INFO]- D:\Tools\Python\qqcweb\web\commonTools\cloudflareFrontValid.py changed, reloading.
2019-09-21 17:49:30,209 [MainThread:135312] [django.utils.autoreload:576] [autoreload:run_with_reloader] [INFO]- Watching for file changes with StatReloader
2019-09-21 17:50:50,037 [MainThread:135312] [django.utils.autoreload:203] [autoreload:trigger_reload] [INFO]- D:\Tools\Python\qqcweb\web\commonTools\cloudflareFrontValid.py changed, reloading.
2019-09-21 17:50:50,675 [MainThread:77048] [django.utils.autoreload:576] [autoreload:run_with_reloader] [INFO]- Watching for file changes with StatReloader
2019-09-21 17:52:23,951 [MainThread:77048] [django.utils.autoreload:203] [autoreload:trigger_reload] [INFO]- D:\Tools\Python\qqcweb\web\commonTools\cloudflareFrontValid.py changed, reloading.
2019-09-21 17:52:24,616 [MainThread:135416] [django.utils.autoreload:576] [autoreload:run_with_reloader] [INFO]- Watching for file changes with StatReloader
2019-09-21 17:53:22,264 [MainThread:135416] [django.utils.autoreload:203] [autoreload:trigger_reload] [INFO]- D:\Tools\Python\qqcweb\web\commonTools\cloudflareFrontValid.py changed, reloading.
2019-09-21 17:53:22,862 [MainThread:104756] [django.utils.autoreload:576] [autoreload:run_with_reloader] [INFO]- Watching for file changes with StatReloader
2019-09-21 17:54:12,039 [MainThread:104756] [django.utils.autoreload:203] [autoreload:trigger_reload] [INFO]- D:\Tools\Python\qqcweb\web\commonTools\cloudflareFrontValid.py changed, reloading.
2019-09-21 17:54:12,638 [MainThread:19404] [django.utils.autoreload:576] [autoreload:run_with_reloader] [INFO]- Watching for file changes with StatReloader
2019-09-21 17:57:25,881 [MainThread:19404] [django.utils.autoreload:203] [autoreload:trigger_reload] [INFO]- D:\Tools\Python\qqcweb\web\commonTools\cloudflareFrontValid.py changed, reloading.
2019-09-21 17:57:26,656 [MainThread:111736] [django.utils.autoreload:576] [autoreload:run_with_reloader] [INFO]- Watching for file changes with StatReloader
2019-09-21 18:02:25,954 [MainThread:111736] [django.utils.autoreload:203] [autoreload:trigger_reload] [INFO]- D:\Tools\Python\qqcweb\web\commonTools\cloudflareFrontValid.py changed, reloading.
2019-09-21 18:02:26,678 [MainThread:90184] [django.utils.autoreload:576] [autoreload:run_with_reloader] [INFO]- Watching for file changes with StatReloader
2019-09-21 18:08:43,646 [MainThread:90184] [django.utils.autoreload:203] [autoreload:trigger_reload] [INFO]- D:\Tools\Python\qqcweb\web\views.py changed, reloading.
2019-09-21 18:08:44,257 [MainThread:122440] [django.utils.autoreload:576] [autoreload:run_with_reloader] [INFO]- Watching for file changes with StatReloader
2019-09-21 18:10:39,910 [MainThread:122440] [django.utils.autoreload:203] [autoreload:trigger_reload] [INFO]- D:\Tools\Python\qqcweb\web\views.py changed, reloading.
2019-09-21 18:10:40,532 [MainThread:121068] [django.utils.autoreload:576] [autoreload:run_with_reloader] [INFO]- Watching for file changes with StatReloader
2019-09-21 18:11:04,908 [MainThread:121068] [django.utils.autoreload:203] [autoreload:trigger_reload] [INFO]- D:\Tools\Python\qqcweb\web\views.py changed, reloading.
2019-09-21 18:11:05,516 [MainThread:43196] [django.utils.autoreload:576] [autoreload:run_with_reloader] [INFO]- Watching for file changes with StatReloader
2019-09-21 18:11:16,739 [Thread-1:87732] [django.server:154] [basehttp:log_message] [INFO]- "GET /web/ HTTP/1.1" 200 4924
2019-09-21 18:11:19,976 [Thread-2:35816] [django.server:154] [basehttp:log_message] [INFO]- "GET /static/jquery-easyui-1.7.0/themes/icons/reload.png HTTP/1.1" 200 1045
2019-09-21 18:11:19,986 [Thread-1:87732] [django.server:154] [basehttp:log_message] [INFO]- "GET /web/cloudflareAddDomain HTTP/1.1" 200 1274
2019-09-21 18:11:23,560 [Thread-1:87732] [django.server:154] [basehttp:log_message] [INFO]- "POST /web/cloudflareAddDomain HTTP/1.1" 200 1291
2019-09-21 18:11:30,726 [Thread-1:87732] [django.server:154] [basehttp:log_message] [INFO]- "POST /web/cloudflareAddDomain HTTP/1.1" 200 1274
2019-09-21 18:11:38,552 [Thread-1:87732] [django.server:154] [basehttp:log_message] [INFO]- "POST /web/cloudflareAddDomain HTTP/1.1" 200 1273
2019-09-21 18:11:42,529 [Thread-1:87732] [django.server:154] [basehttp:log_message] [INFO]- "POST /web/cloudflareAddDomain HTTP/1.1" 200 1267
2019-09-21 18:11:57,647 [Thread-1:87732] [django.server:154] [basehttp:log_message] [INFO]- "POST /web/cloudflareAddDomain HTTP/1.1" 200 1323
2019-09-21 18:12:42,184 [MainThread:43196] [django.utils.autoreload:203] [autoreload:trigger_reload] [INFO]- D:\Tools\Python\qqcweb\web\commonTools\cloudflareFrontValid.py changed, reloading.
2019-09-21 18:12:42,807 [MainThread:32152] [django.utils.autoreload:576] [autoreload:run_with_reloader] [INFO]- Watching for file changes with StatReloader
2019-09-21 18:13:11,866 [MainThread:32152] [django.utils.autoreload:203] [autoreload:trigger_reload] [INFO]- D:\Tools\Python\qqcweb\web\views.py changed, reloading.
2019-09-21 18:13:12,567 [MainThread:38476] [django.utils.autoreload:576] [autoreload:run_with_reloader] [INFO]- Watching for file changes with StatReloader
2019-09-21 18:14:05,522 [MainThread:38476] [django.utils.autoreload:203] [autoreload:trigger_reload] [INFO]- D:\Tools\Python\qqcweb\web\views.py changed, reloading.
2019-09-21 18:14:06,144 [MainThread:93240] [django.utils.autoreload:576] [autoreload:run_with_reloader] [INFO]- Watching for file changes with StatReloader
2019-09-21 18:14:23,109 [MainThread:93240] [django.utils.autoreload:203] [autoreload:trigger_reload] [INFO]- D:\Tools\Python\qqcweb\web\views.py changed, reloading.
2019-09-21 18:14:23,738 [MainThread:32940] [django.utils.autoreload:576] [autoreload:run_with_reloader] [INFO]- Watching for file changes with StatReloader
2019-09-21 18:15:38,723 [MainThread:32940] [django.utils.autoreload:203] [autoreload:trigger_reload] [INFO]- D:\Tools\Python\qqcweb\web\views.py changed, reloading.
2019-09-21 18:15:39,350 [MainThread:117600] [django.utils.autoreload:576] [autoreload:run_with_reloader] [INFO]- Watching for file changes with StatReloader
2019-09-21 18:16:18,654 [MainThread:117600] [django.utils.autoreload:203] [autoreload:trigger_reload] [INFO]- D:\Tools\Python\qqcweb\web\views.py changed, reloading.
2019-09-21 18:16:19,294 [MainThread:36680] [django.utils.autoreload:576] [autoreload:run_with_reloader] [INFO]- Watching for file changes with StatReloader
2019-09-21 18:17:11,104 [MainThread:36680] [django.utils.autoreload:203] [autoreload:trigger_reload] [INFO]- D:\Tools\Python\qqcweb\web\views.py changed, reloading.
2019-09-21 18:17:11,754 [MainThread:91036] [django.utils.autoreload:576] [autoreload:run_with_reloader] [INFO]- Watching for file changes with StatReloader
2019-09-21 18:17:30,881 [MainThread:91036] [django.utils.autoreload:203] [autoreload:trigger_reload] [INFO]- D:\Tools\Python\qqcweb\web\views.py changed, reloading.
2019-09-21 18:17:31,561 [MainThread:135236] [django.utils.autoreload:576] [autoreload:run_with_reloader] [INFO]- Watching for file changes with StatReloader
2019-09-21 18:18:07,259 [MainThread:135236] [django.utils.autoreload:203] [autoreload:trigger_reload] [INFO]- D:\Tools\Python\qqcweb\web\views.py changed, reloading.
2019-09-21 18:18:07,954 [MainThread:105016] [django.utils.autoreload:576] [autoreload:run_with_reloader] [INFO]- Watching for file changes with StatReloader
2019-09-21 18:20:03,346 [MainThread:105016] [django.utils.autoreload:203] [autoreload:trigger_reload] [INFO]- D:\Tools\Python\qqcweb\web\views.py changed, reloading.
2019-09-21 18:20:03,987 [MainThread:31604] [django.utils.autoreload:576] [autoreload:run_with_reloader] [INFO]- Watching for file changes with StatReloader
2019-09-21 18:20:45,773 [MainThread:31604] [django.utils.autoreload:203] [autoreload:trigger_reload] [INFO]- D:\Tools\Python\qqcweb\web\views.py changed, reloading.
2019-09-21 18:20:46,466 [MainThread:54208] [django.utils.autoreload:576] [autoreload:run_with_reloader] [INFO]- Watching for file changes with StatReloader
2019-09-21 18:21:05,651 [MainThread:54208] [django.utils.autoreload:203] [autoreload:trigger_reload] [INFO]- D:\Tools\Python\qqcweb\web\views.py changed, reloading.
2019-09-21 18:21:06,273 [MainThread:84116] [django.utils.autoreload:576] [autoreload:run_with_reloader] [INFO]- Watching for file changes with StatReloader
2019-09-21 18:22:09,330 [MainThread:84116] [django.utils.autoreload:203] [autoreload:trigger_reload] [INFO]- D:\Tools\Python\qqcweb\web\views.py changed, reloading.
2019-09-21 18:22:09,971 [MainThread:95544] [django.utils.autoreload:576] [autoreload:run_with_reloader] [INFO]- Watching for file changes with StatReloader
2019-09-21 18:22:59,029 [MainThread:95544] [django.utils.autoreload:203] [autoreload:trigger_reload] [INFO]- D:\Tools\Python\qqcweb\web\views.py changed, reloading.
2019-09-21 18:22:59,665 [MainThread:64892] [django.utils.autoreload:576] [autoreload:run_with_reloader] [INFO]- Watching for file changes with StatReloader
2019-09-21 18:23:28,929 [MainThread:64892] [django.utils.autoreload:203] [autoreload:trigger_reload] [INFO]- D:\Tools\Python\qqcweb\web\views.py changed, reloading.
2019-09-21 18:23:29,544 [MainThread:103116] [django.utils.autoreload:576] [autoreload:run_with_reloader] [INFO]- Watching for file changes with StatReloader
2019-09-21 18:23:55,469 [Thread-1:50620] [django.server:154] [basehttp:log_message] [INFO]- "GET /web/cloudflareListDomainRateLimits HTTP/1.1" 200 1274
2019-09-21 18:24:01,287 [Thread-1:50620] [django.server:154] [basehttp:log_message] [INFO]- "GET /web/cloudflareDeleteDomainRateLimits HTTP/1.1" 200 1274
2019-09-21 18:24:03,812 [Thread-1:50620] [django.server:154] [basehttp:log_message] [INFO]- "GET /web/cloudflareListDomainWAFRules HTTP/1.1" 200 1274
2019-09-21 18:24:05,809 [Thread-1:50620] [django.server:154] [basehttp:log_message] [INFO]- "POST /web/cloudflareAddDomain HTTP/1.1" 200 1274
2019-09-21 18:24:09,286 [Thread-1:50620] [django.server:154] [basehttp:log_message] [INFO]- "POST /web/cloudflareAddDomain HTTP/1.1" 200 1282
2019-09-21 19:27:49,582 [MainThread:23124] [django.utils.autoreload:576] [autoreload:run_with_reloader] [INFO]- Watching for file changes with StatReloader
2019-09-21 19:30:51,884 [MainThread:23124] [django.utils.autoreload:203] [autoreload:trigger_reload] [INFO]- D:\Tools\Python\qqcweb\web\views.py changed, reloading.
2019-09-21 19:30:52,514 [MainThread:47244] [django.utils.autoreload:576] [autoreload:run_with_reloader] [INFO]- Watching for file changes with StatReloader
2019-09-21 19:31:10,247 [MainThread:47244] [django.utils.autoreload:203] [autoreload:trigger_reload] [INFO]- D:\Tools\Python\qqcweb\web\commonTools\cloudflareFrontValid.py changed, reloading.
2019-09-21 19:31:10,882 [MainThread:73176] [django.utils.autoreload:576] [autoreload:run_with_reloader] [INFO]- Watching for file changes with StatReloader
2019-09-21 19:31:29,843 [MainThread:73176] [django.utils.autoreload:203] [autoreload:trigger_reload] [INFO]- D:\Tools\Python\qqcweb\web\commonTools\cloudflareFrontValid.py changed, reloading.
2019-09-21 19:31:30,447 [MainThread:50356] [django.utils.autoreload:576] [autoreload:run_with_reloader] [INFO]- Watching for file changes with StatReloader
